"cc -I. -I/usr/lib/ruby/1.8/i486-linux -I.  -fno-strict-aliasing -g -g -O2  -fPIC   -c conftest.c"
checked program was:
/* begin */
1: /*top*/
2: #ifndef __GNUC__
3: # error
4: >>>>>> __GNUC__ undefined <<<<<<
5: #endif
/* end */

have_func: checking for rb_define_alloc_func()... -------------------- yes

"cc -o conftest -I. -I/usr/lib/ruby/1.8/i486-linux -I.  -I/usr/local/lib/site_ruby/1.8/i486-linux  -fno-strict-aliasing -g -g -O2  -fPIC -Wall conftest.c  -L"." -L"/usr/lib" -L. -Wl,-Bsymbolic-functions -rdynamic -Wl,-export-dynamic     -lruby1.8-static  -lpthread -ldl -lcrypt -lm   -lc"
conftest.c: In function ‘t’:
conftest.c:3: error: ‘rb_define_alloc_func’ undeclared (first use in this function)
conftest.c:3: error: (Each undeclared identifier is reported only once
conftest.c:3: error: for each function it appears in.)
checked program was:
/* begin */
1: /*top*/
2: int main() { return 0; }
3: int t() { void ((*volatile p)()); p = (void ((*)()))rb_define_alloc_func; return 0; }
/* end */

"cc -o conftest -I. -I/usr/lib/ruby/1.8/i486-linux -I.  -I/usr/local/lib/site_ruby/1.8/i486-linux  -fno-strict-aliasing -g -g -O2  -fPIC -Wall conftest.c  -L"." -L"/usr/lib" -L. -Wl,-Bsymbolic-functions -rdynamic -Wl,-export-dynamic     -lruby1.8-static  -lpthread -ldl -lcrypt -lm   -lc"
conftest.c: In function ‘t’:
conftest.c:3: warning: implicit declaration of function ‘rb_define_alloc_func’
checked program was:
/* begin */
1: /*top*/
2: int main() { return 0; }
3: int t() { rb_define_alloc_func(); return 0; }
/* end */

--------------------

have_func: checking for rb_block_proc()... -------------------- yes

"cc -o conftest -I. -I/usr/lib/ruby/1.8/i486-linux -I.  -I/usr/local/lib/site_ruby/1.8/i486-linux  -fno-strict-aliasing -g -g -O2  -fPIC -Wall conftest.c  -L"." -L"/usr/lib" -L. -Wl,-Bsymbolic-functions -rdynamic -Wl,-export-dynamic     -lruby1.8-static  -lpthread -ldl -lcrypt -lm   -lc"
conftest.c: In function ‘t’:
conftest.c:3: error: ‘rb_block_proc’ undeclared (first use in this function)
conftest.c:3: error: (Each undeclared identifier is reported only once
conftest.c:3: error: for each function it appears in.)
checked program was:
/* begin */
1: /*top*/
2: int main() { return 0; }
3: int t() { void ((*volatile p)()); p = (void ((*)()))rb_block_proc; return 0; }
/* end */

"cc -o conftest -I. -I/usr/lib/ruby/1.8/i486-linux -I.  -I/usr/local/lib/site_ruby/1.8/i486-linux  -fno-strict-aliasing -g -g -O2  -fPIC -Wall conftest.c  -L"." -L"/usr/lib" -L. -Wl,-Bsymbolic-functions -rdynamic -Wl,-export-dynamic     -lruby1.8-static  -lpthread -ldl -lcrypt -lm   -lc"
conftest.c: In function ‘t’:
conftest.c:3: warning: implicit declaration of function ‘rb_block_proc’
checked program was:
/* begin */
1: /*top*/
2: int main() { return 0; }
3: int t() { rb_block_proc(); return 0; }
/* end */

--------------------

"cc -I. -I/usr/lib/ruby/1.8/i486-linux -I.  -I/usr/local/lib/site_ruby/1.8/i486-linux  -fno-strict-aliasing -g -g -O2  -fPIC -Wall   -c conftest.c"
checked program was:
/* begin */
1: #include "ruby.h"
2: #include "node.h"
3: int node_attrasgn = (int)NODE_ATTRASGN;
/* end */

have_library: checking for main() in -lonig... -------------------- yes

"cc -o conftest -I. -I/usr/lib/ruby/1.8/i486-linux -I.  -I/usr/local/lib/site_ruby/1.8/i486-linux  -fno-strict-aliasing -g -g -O2  -fPIC -Wall -I/usr/include/gtk-2.0 -I/usr/lib/gtk-2.0/include -I/usr/include/atk-1.0 -I/usr/include/cairo -I/usr/include/pango-1.0 -I/usr/include/glib-2.0 -I/usr/lib/glib-2.0/include -I/usr/include/freetype2 -I/usr/include/libpng12 -I/usr/include/pixman-1   -I/usr/include/libxml2   -I/usr/local/include/gee-1.0 -I/usr/include/glib-2.0 -I/usr/lib/glib-2.0/include   -I/usr/include/gtksourceview-2.0 -I/usr/include/libxml2 -I/usr/include/gtk-2.0 -I/usr/lib/gtk-2.0/include -I/usr/include/atk-1.0 -I/usr/include/cairo -I/usr/include/pango-1.0 -I/usr/include/glib-2.0 -I/usr/lib/glib-2.0/include -I/usr/include/freetype2 -I/usr/include/libpng12 -I/usr/include/pixman-1   conftest.c  -L"." -L"/usr/lib" -pg   -L/usr/local/lib      -lgtk-x11-2.0 -lgdk-x11-2.0 -latk-1.0 -lgdk_pixbuf-2.0 -lm -lpangocairo-1.0 -lpango-1.0 -lcairo -lgobject-2.0 -lgmodule-2.0 -ldl -lglib-2.0   -lxml2   -lgee -lgobject-2.0 -lglib-2.0   -lgtksourceview-2.0 -lgtk-x11-2.0 -lgdk-x11-2.0 -latk-1.0 -lgdk_pixbuf-2.0 -lm -lpangocairo-1.0 -lpango-1.0 -lcairo -lgobject-2.0 -lgmodule-2.0 -ldl -lglib-2.0   -lruby1.8-static -lonig  -lgtk-x11-2.0 -lgdk-x11-2.0 -latk-1.0 -lgdk_pixbuf-2.0 -lm -lpangocairo-1.0 -lpango-1.0 -lcairo -lgobject-2.0 -lgmodule-2.0 -ldl -lglib-2.0   -lxml2   -lgee -lgobject-2.0 -lglib-2.0   -lgtksourceview-2.0 -lgtk-x11-2.0 -lgdk-x11-2.0 -latk-1.0 -lgdk_pixbuf-2.0 -lm -lpangocairo-1.0 -lpango-1.0 -lcairo -lgobject-2.0 -lgmodule-2.0 -ldl -lglib-2.0   -lpthread -ldl -lcrypt -lm   -lc"
checked program was:
/* begin */
1: /*top*/
2: int main() { return 0; }
3: int t() { void ((*volatile p)()); p = (void ((*)()))main; return 0; }
/* end */

--------------------

